<?xml version="1.0" encoding="utf-8"?><testsuites name="pytest tests"><testsuite name="pytest" errors="0" failures="0" skipped="0" tests="113" time="11.850" timestamp="2026-09-16T14:18:53.785500+02:00" hostname="brices-macbook-air1.home"><testcase classname="backend.tests.database.test_schema" name="test_exact_dictionary_and_foreign_keys" time="0.414" /><testcase classname="backend.tests.database.test_schema" name="test_spatial_indexes_and_distance" time="0.154" /><testcase classname="backend.tests.database.test_schema" name="test_invalid_values_rejected[users-role-owner]" time="0.093" /><testcase classname="backend.tests.database.test_schema" name="test_invalid_values_rejected[users-status-deleted]" time="0.089" /><testcase classname="backend.tests.database.test_schema" name="test_invalid_values_rejected[boats-boat_type-yacht]" time="0.094" /><testcase classname="backend.tests.database.test_schema" name="test_invalid_values_rejected[devices-platform-web]" time="0.093" /><testcase classname="backend.tests.database.test_schema" name="test_invalid_values_rejected[reports-category-fish]" time="0.093" /><testcase classname="backend.tests.database.test_schema" name="test_invalid_values_rejected[reports-positioning_mode-gps]" time="0.091" /><testcase classname="backend.tests.database.test_schema" name="test_invalid_values_rejected[reports-status-draft]" time="0.090" /><testcase classname="backend.tests.database.test_schema" name="test_invalid_values_rejected[reports-version-0]" time="0.091" /><testcase classname="backend.tests.database.test_schema" name="test_invalid_values_rejected[report_photos-upload_status-done]" time="0.093" /><testcase classname="backend.tests.database.test_schema" name="test_invalid_values_rejected[report_photos-size_bytes-0]" time="0.093" /><testcase classname="backend.tests.database.test_schema" name="test_invalid_values_rejected[report_photos-size_bytes-500001]" time="0.090" /><testcase classname="backend.tests.database.test_schema" name="test_invalid_values_rejected[report_photos-mime_type-image/png]" time="0.093" /><testcase classname="backend.tests.database.test_schema" name="test_invalid_values_rejected[notifications-status-queued]" time="0.094" /><testcase classname="backend.tests.database.test_schema" name="test_invalid_values_rejected[notifications-report_version-0]" time="0.094" /><testcase classname="backend.tests.database.test_schema" name="test_invalid_values_rejected[notifications-attempt_count--1]" time="0.092" /><testcase classname="backend.tests.database.test_schema" name="test_invalid_values_rejected[alert_history-category-fish]" time="0.089" /><testcase classname="backend.tests.database.test_schema" name="test_invalid_values_rejected[alert_history-report_version-0]" time="0.093" /><testcase classname="backend.tests.database.test_schema" name="test_invalid_values_rejected[alert_history-distance_m--1]" time="0.091" /><testcase classname="backend.tests.database.test_schema" name="test_invalid_values_rejected[device_positions-accuracy_m--1]" time="0.094" /><testcase classname="backend.tests.database.test_schema" name="test_invalid_values_rejected[device_positions-accuracy_m-50.01]" time="0.092" /><testcase classname="backend.tests.database.test_schema" name="test_invalid_values_rejected[device_positions-heading_deg--1]" time="0.092" /><testcase classname="backend.tests.database.test_schema" name="test_invalid_values_rejected[device_positions-heading_deg-360]" time="0.094" /><testcase classname="backend.tests.database.test_schema" name="test_invalid_values_rejected[report_positioning-gps_accuracy_m--1]" time="0.092" /><testcase classname="backend.tests.database.test_schema" name="test_invalid_values_rejected[report_positioning-gps_accuracy_m-51]" time="0.096" /><testcase classname="backend.tests.database.test_schema" name="test_invalid_values_rejected[report_positioning-azimuth_deg-360]" time="0.094" /><testcase classname="backend.tests.database.test_schema" name="test_invalid_values_rejected[report_positioning-camera_height_m-0]" time="0.093" /><testcase classname="backend.tests.database.test_schema" name="test_invalid_values_rejected[report_positioning-camera_height_m-NaN]" time="0.091" /><testcase classname="backend.tests.database.test_schema" name="test_invalid_values_rejected[report_positioning-camera_height_uncertainty_m--1]" time="0.093" /><testcase classname="backend.tests.database.test_schema" name="test_invalid_values_rejected[report_positioning-focal_length_mm-0]" time="0.092" /><testcase classname="backend.tests.database.test_schema" name="test_invalid_values_rejected[report_positioning-zoom_ratio-0]" time="0.093" /><testcase classname="backend.tests.database.test_schema" name="test_invalid_values_rejected[report_positioning-estimated_distance_m--1]" time="0.090" /><testcase classname="backend.tests.database.test_schema" name="test_invalid_values_rejected[device_positions-accuracy_m-NaN]" time="0.091" /><testcase classname="backend.tests.database.test_schema" name="test_invalid_values_rejected[device_positions-accuracy_m-Infinity]" time="0.091" /><testcase classname="backend.tests.database.test_schema" name="test_invalid_values_rejected[device_positions-accuracy_m--Infinity]" time="0.092" /><testcase classname="backend.tests.database.test_schema" name="test_invalid_values_rejected[device_positions-heading_deg-NaN]" time="0.090" /><testcase classname="backend.tests.database.test_schema" name="test_invalid_values_rejected[device_positions-heading_deg-Infinity]" time="0.093" /><testcase classname="backend.tests.database.test_schema" name="test_invalid_values_rejected[device_positions-heading_deg--Infinity]" time="0.091" /><testcase classname="backend.tests.database.test_schema" name="test_invalid_values_rejected[report_positioning-gps_accuracy_m-NaN]" time="0.094" /><testcase classname="backend.tests.database.test_schema" name="test_invalid_values_rejected[report_positioning-gps_accuracy_m-Infinity]" time="0.092" /><testcase classname="backend.tests.database.test_schema" name="test_invalid_values_rejected[report_positioning-gps_accuracy_m--Infinity]" time="0.090" /><testcase classname="backend.tests.database.test_schema" name="test_invalid_values_rejected[report_positioning-azimuth_deg-NaN]" time="0.095" /><testcase classname="backend.tests.database.test_schema" name="test_invalid_values_rejected[report_positioning-azimuth_deg-Infinity]" time="0.098" /><testcase classname="backend.tests.database.test_schema" name="test_invalid_values_rejected[report_positioning-azimuth_deg--Infinity]" time="0.093" /><testcase classname="backend.tests.database.test_schema" name="test_invalid_values_rejected[report_positioning-inclination_deg-NaN]" time="0.092" /><testcase classname="backend.tests.database.test_schema" name="test_invalid_values_rejected[report_positioning-inclination_deg-Infinity]" time="0.095" /><testcase classname="backend.tests.database.test_schema" name="test_invalid_values_rejected[report_positioning-inclination_deg--Infinity]" time="0.093" /><testcase classname="backend.tests.database.test_schema" name="test_invalid_values_rejected[report_positioning-camera_height_uncertainty_m-NaN]" time="0.093" /><testcase classname="backend.tests.database.test_schema" name="test_invalid_values_rejected[report_positioning-camera_height_uncertainty_m-Infinity]" time="0.091" /><testcase classname="backend.tests.database.test_schema" name="test_invalid_values_rejected[report_positioning-camera_height_uncertainty_m--Infinity]" time="0.093" /><testcase classname="backend.tests.database.test_schema" name="test_invalid_values_rejected[report_positioning-focal_length_mm-NaN]" time="0.094" /><testcase classname="backend.tests.database.test_schema" name="test_invalid_values_rejected[report_positioning-focal_length_mm-Infinity]" time="0.092" /><testcase classname="backend.tests.database.test_schema" name="test_invalid_values_rejected[report_positioning-focal_length_mm--Infinity]" time="0.093" /><testcase classname="backend.tests.database.test_schema" name="test_invalid_values_rejected[report_positioning-zoom_ratio-NaN]" time="0.093" /><testcase classname="backend.tests.database.test_schema" name="test_invalid_values_rejected[report_positioning-zoom_ratio-Infinity]" time="0.092" /><testcase classname="backend.tests.database.test_schema" name="test_invalid_values_rejected[report_positioning-zoom_ratio--Infinity]" time="0.093" /><testcase classname="backend.tests.database.test_schema" name="test_invalid_values_rejected[report_positioning-estimated_distance_m-NaN]" time="0.092" /><testcase classname="backend.tests.database.test_schema" name="test_invalid_values_rejected[report_positioning-estimated_distance_m-Infinity]" time="0.115" /><testcase classname="backend.tests.database.test_schema" name="test_invalid_values_rejected[report_positioning-estimated_distance_m--Infinity]" time="0.090" /><testcase classname="backend.tests.database.test_schema" name="test_invalid_values_rejected[alert_history-distance_m-NaN]" time="0.086" /><testcase classname="backend.tests.database.test_schema" name="test_invalid_values_rejected[alert_history-distance_m-Infinity]" time="0.091" /><testcase classname="backend.tests.database.test_schema" name="test_invalid_values_rejected[alert_history-distance_m--Infinity]" time="0.093" /><testcase classname="backend.tests.database.test_schema" name="test_unique_keys[users-firebase_uid]" time="0.096" /><testcase classname="backend.tests.database.test_schema" name="test_unique_keys[users-username]" time="0.094" /><testcase classname="backend.tests.database.test_schema" name="test_unique_keys[users-email]" time="0.092" /><testcase classname="backend.tests.database.test_schema" name="test_unique_keys[boats-user_id]" time="0.095" /><testcase classname="backend.tests.database.test_schema" name="test_unique_keys[devices-installation_id]" time="0.091" /><testcase classname="backend.tests.database.test_schema" name="test_unique_keys[devices-fcm_token]" time="0.095" /><testcase classname="backend.tests.database.test_schema" name="test_unique_keys[reports-client_report_id]" time="0.094" /><testcase classname="backend.tests.database.test_schema" name="test_unique_keys[report_photos-object_key]" time="0.097" /><testcase classname="backend.tests.database.test_schema" name="test_unique_keys[notifications-device_id]" time="0.093" /><testcase classname="backend.tests.database.test_schema" name="test_unique_keys[alert_history-user_id]" time="0.097" /><testcase classname="backend.tests.database.test_schema" name="test_missing_child_fails_at_commit[report_photos]" time="0.102" /><testcase classname="backend.tests.database.test_schema" name="test_missing_child_fails_at_commit[report_positioning]" time="0.096" /><testcase classname="backend.tests.database.test_schema" name="test_photo_creation_without_children_fails" time="0.094" /><testcase classname="backend.tests.database.test_schema" name="test_manual_cannot_keep_children" time="0.095" /><testcase classname="backend.tests.database.test_schema" name="test_reparent_checks_old_and_new_report[report_photos]" time="0.097" /><testcase classname="backend.tests.database.test_schema" name="test_reparent_checks_old_and_new_report[report_positioning]" time="0.093" /><testcase classname="backend.tests.database.test_schema" name="test_valid_mode_conversion_is_atomic" time="0.097" /><testcase classname="backend.tests.database.test_schema" name="test_failed_upload_and_retry_same_row" time="0.098" /><testcase classname="backend.tests.database.test_schema" name="test_state_and_immutability_guards[UPDATE blueway.report_photos SET upload_status='uploaded']" time="0.092" /><testcase classname="backend.tests.database.test_schema" name="test_state_and_immutability_guards[UPDATE blueway.notifications SET next_attempt_at=NULL]" time="0.095" /><testcase classname="backend.tests.database.test_schema" name="test_state_and_immutability_guards[UPDATE blueway.notifications SET status='sent']" time="0.095" /><testcase classname="backend.tests.database.test_schema" name="test_state_and_immutability_guards[UPDATE blueway.reports SET expires_at=expires_at+interval '1 second']" time="0.094" /><testcase classname="backend.tests.database.test_schema" name="test_state_and_immutability_guards[UPDATE blueway.reports SET observed_at=observed_at+interval '1 second',expires_at=expires_at+interval '1 second']" time="0.091" /><testcase classname="backend.tests.database.test_schema" name="test_state_and_immutability_guards[UPDATE blueway.reports SET author_id=NULL]" time="0.094" /><testcase classname="backend.tests.database.test_schema" name="test_state_and_immutability_guards[UPDATE blueway.devices SET installation_id=gen_random_uuid()]" time="0.094" /><testcase classname="backend.tests.database.test_schema" name="test_state_and_immutability_guards[UPDATE blueway.moderation_actions SET reason='changed']" time="0.091" /><testcase classname="backend.tests.database.test_schema" name="test_state_and_immutability_guards[UPDATE blueway.moderation_actions SET admin_user_id=NULL]" time="0.096" /><testcase classname="backend.tests.database.test_schema" name="test_state_and_immutability_guards[DELETE FROM blueway.moderation_actions]" time="0.096" /><testcase classname="backend.tests.database.test_schema" name="test_user_deletion_cascades_and_keeps_report_and_audit" time="0.100" /><testcase classname="backend.tests.database.test_schema" name="test_report_deletion_cascades_and_nulls_audit" time="0.100" /><testcase classname="backend.tests.database.test_schema" name="test_audit_creation_contract[change0]" time="0.097" /><testcase classname="backend.tests.database.test_schema" name="test_audit_creation_contract[change1]" time="0.093" /><testcase classname="backend.tests.database.test_schema" name="test_audit_creation_contract[change2]" time="0.097" /><testcase classname="backend.tests.database.test_schema" name="test_audit_creation_contract[change3]" time="0.097" /><testcase classname="backend.tests.database.test_schema" name="test_audit_creation_contract[change4]" time="0.094" /><testcase classname="backend.tests.database.test_schema" name="test_historical_versions_are_not_foreign_keys" time="0.094" /><testcase classname="backend.tests.database.test_schema" name="test_concurrent_child_change_serialized" time="0.362" /><testcase classname="backend.tests.database.test_schema" name="test_migration_replay" time="0.063" /><testcase classname="backend.tests.database.test_schema" name="test_migrations_roundtrip_checksum_and_atomic_failure" time="0.471" /><testcase classname="backend.tests.database.test_schema" name="test_foreign_keys_reject_missing_parents" time="0.094" /><testcase classname="backend.tests.database.test_schema" name="test_nullable_unique_values_and_defaults" time="0.093" /><testcase classname="backend.tests.database.test_schema" name="test_geography_rejects_non_points[reports-final_position]" time="0.092" /><testcase classname="backend.tests.database.test_schema" name="test_geography_rejects_non_points[device_positions-position]" time="0.094" /><testcase classname="backend.tests.database.test_schema" name="test_geography_rejects_non_points[report_positioning-observer_position]" time="0.092" /><testcase classname="backend.tests.database.test_schema" name="test_geography_rejects_non_points[report_positioning-estimated_position]" time="0.092" /><testcase classname="backend.tests.database.test_schema" name="test_geography_rejects_non_points[alert_history-position]" time="0.091" /><testcase classname="backend.tests.database.test_schema" name="test_missing_author_on_insert" time="0.096" /><testcase classname="backend.tests.database.test_schema" name="test_both_audit_target_kinds_survive_deletion" time="0.103" /><testcase classname="backend.tests.database.test_schema" name="test_repeatable_read_rejects_stale_child_write" time="0.152" /><testcase classname="backend.tests.database.test_schema" name="test_concurrent_migrations_apply_once" time="0.194" /></testsuite></testsuites>